mode: set
seven-solutions-challenge/internal/app/services/auth.go:22.128,28.2 1 1
seven-solutions-challenge/internal/app/services/auth.go:31.111,33.16 2 1
seven-solutions-challenge/internal/app/services/auth.go:33.16,35.3 1 1
seven-solutions-challenge/internal/app/services/auth.go:37.2,38.16 2 1
seven-solutions-challenge/internal/app/services/auth.go:38.16,40.3 1 1
seven-solutions-challenge/internal/app/services/auth.go:42.2,43.16 2 1
seven-solutions-challenge/internal/app/services/auth.go:43.16,45.3 1 1
seven-solutions-challenge/internal/app/services/auth.go:46.2,49.8 1 1
seven-solutions-challenge/internal/app/services/auth.go:53.89,55.16 2 1
seven-solutions-challenge/internal/app/services/auth.go:55.16,57.3 1 1
seven-solutions-challenge/internal/app/services/auth.go:59.2,66.16 2 1
seven-solutions-challenge/internal/app/services/auth.go:66.16,68.3 1 1
seven-solutions-challenge/internal/app/services/auth.go:70.2,70.12 1 1
seven-solutions-challenge/internal/app/services/user.go:21.94,26.2 1 1
seven-solutions-challenge/internal/app/services/user.go:29.115,31.16 2 1
seven-solutions-challenge/internal/app/services/user.go:31.16,33.3 1 1
seven-solutions-challenge/internal/app/services/user.go:35.2,42.8 1 1
seven-solutions-challenge/internal/app/services/user.go:46.81,48.16 2 1
seven-solutions-challenge/internal/app/services/user.go:48.16,50.3 1 1
seven-solutions-challenge/internal/app/services/user.go:52.2,53.28 2 1
seven-solutions-challenge/internal/app/services/user.go:53.28,60.3 1 1
seven-solutions-challenge/internal/app/services/user.go:62.2,64.8 1 1
seven-solutions-challenge/internal/app/services/user.go:68.112,70.16 2 1
seven-solutions-challenge/internal/app/services/user.go:70.16,72.3 1 1
seven-solutions-challenge/internal/app/services/user.go:74.2,81.16 2 1
seven-solutions-challenge/internal/app/services/user.go:81.16,83.3 1 1
seven-solutions-challenge/internal/app/services/user.go:85.2,90.8 1 1
seven-solutions-challenge/internal/app/services/user.go:94.84,100.16 2 1
seven-solutions-challenge/internal/app/services/user.go:100.16,102.3 1 1
seven-solutions-challenge/internal/app/services/user.go:104.2,104.12 1 1
seven-solutions-challenge/internal/app/services/user.go:108.84,112.16 2 1
seven-solutions-challenge/internal/app/services/user.go:112.16,114.3 1 1
seven-solutions-challenge/internal/app/services/user.go:116.2,116.12 1 1
